# JRE version: Java(TM) SE Runtime Environment (8.0_181-b13) (build 1.8.0_181-b13)
# Java VM: Java HotSpot(TM) 64-Bit Server VM (25.181-b13 mixed mode windows-amd64 compressed oops)
Heap:
 PSYoungGen      total 287232K, used 192747K [0x0000000780800000, 0x0000000795b80000, 0x00000007c0000000)
  eden space 270848K, 71% used [0x0000000780800000,0x000000078c43ac40,0x0000000791080000)
  from space 16384K, 0% used [0x0000000792200000,0x0000000792200000,0x0000000793200000)
  to   space 17920K, 0% used [0x0000000791080000,0x0000000791080000,0x0000000792200000)
 ParOldGen       total 125440K, used 21887K [0x0000000701800000, 0x0000000709280000, 0x0000000780800000)
  object space 125440K, 17% used [0x0000000701800000,0x0000000702d5fd60,0x0000000709280000)
 Metaspace       used 47969K, capacity 50226K, committed 50560K, reserved 1093632K
  class space    used 6481K, capacity 6919K, committed 7040K, reserved 1048576K
GC Heap History (10 events):
Event: 2.583 GC heap before
{Heap before GC invocations=4 (full 1):
 PSYoungGen      total 106496K, used 8190K [0x0000000780800000, 0x000000078d800000, 0x00000007c0000000)
  eden space 98304K, 0% used [0x0000000780800000,0x0000000780800000,0x0000000786800000)
  from space 8192K, 99% used [0x0000000786800000,0x0000000786fff9e0,0x0000000787000000)
  to   space 8192K, 0% used [0x000000078d000000,0x000000078d000000,0x000000078d800000)
 ParOldGen       total 131072K, used 3208K [0x0000000701800000, 0x0000000709800000, 0x0000000780800000)
  object space 131072K, 2% used [0x0000000701800000,0x0000000701b22320,0x0000000709800000)
 Metaspace       used 20623K, capacity 21228K, committed 21296K, reserved 1067008K
  class space    used 2716K, capacity 2903K, committed 2944K, reserved 1048576K
Event: 2.702 GC heap after
Heap after GC invocations=4 (full 1):
 PSYoungGen      total 106496K, used 0K [0x0000000780800000, 0x000000078d800000, 0x00000007c0000000)
  eden space 98304K, 0% used [0x0000000780800000,0x0000000780800000,0x0000000786800000)
  from space 8192K, 0% used [0x0000000786800000,0x0000000786800000,0x0000000787000000)
  to   space 8192K, 0% used [0x000000078d000000,0x000000078d000000,0x000000078d800000)
 ParOldGen       total 83968K, used 11038K [0x0000000701800000, 0x0000000706a00000, 0x0000000780800000)
  object space 83968K, 13% used [0x0000000701800000,0x00000007022c78f0,0x0000000706a00000)
 Metaspace       used 20623K, capacity 21228K, committed 21296K, reserved 1067008K
  class space    used 2716K, capacity 2903K, committed 2944K, reserved 1048576K
}
Event: 3.556 GC heap before
{Heap before GC invocations=5 (full 1):
 PSYoungGen      total 106496K, used 98283K [0x0000000780800000, 0x000000078d800000, 0x00000007c0000000)
  eden space 98304K, 99% used [0x0000000780800000,0x00000007867fae88,0x0000000786800000)
  from space 8192K, 0% used [0x0000000786800000,0x0000000786800000,0x0000000787000000)
  to   space 8192K, 0% used [0x000000078d000000,0x000000078d000000,0x000000078d800000)
 ParOldGen       total 83968K, used 11038K [0x0000000701800000, 0x0000000706a00000, 0x0000000780800000)
  object space 83968K, 13% used [0x0000000701800000,0x00000007022c78f0,0x0000000706a00000)
 Metaspace       used 23965K, capacity 24804K, committed 24960K, reserved 1071104K
  class space    used 3182K, capacity 3408K, committed 3456K, reserved 1048576K
Event: 3.810 GC heap after
Heap after GC invocations=5 (full 1):
 PSYoungGen      total 174592K, used 8159K [0x0000000780800000, 0x000000078d800000, 0x00000007c0000000)
  eden space 166400K, 0% used [0x0000000780800000,0x0000000780800000,0x000000078aa80000)
  from space 8192K, 99% used [0x000000078d000000,0x000000078d7f7f50,0x000000078d800000)
  to   space 8192K, 0% used [0x000000078c800000,0x000000078c800000,0x000000078d000000)
 ParOldGen       total 83968K, used 11110K [0x0000000701800000, 0x0000000706a00000, 0x0000000780800000)
  object space 83968K, 13% used [0x0000000701800000,0x00000007022d9900,0x0000000706a00000)
 Metaspace       used 23965K, capacity 24804K, committed 24960K, reserved 1071104K
  class space    used 3182K, capacity 3408K, committed 3456K, reserved 1048576K
}
Event: 5.273 GC heap before
{Heap before GC invocations=6 (full 1):
 PSYoungGen      total 174592K, used 174559K [0x0000000780800000, 0x000000078d800000, 0x00000007c0000000)
  eden space 166400K, 100% used [0x0000000780800000,0x000000078aa80000,0x000000078aa80000)
  from space 8192K, 99% used [0x000000078d000000,0x000000078d7f7f50,0x000000078d800000)
  to   space 8192K, 0% used [0x000000078c800000,0x000000078c800000,0x000000078d000000)
 ParOldGen       total 83968K, used 11110K [0x0000000701800000, 0x0000000706a00000, 0x0000000780800000)
  object space 83968K, 13% used [0x0000000701800000,0x00000007022d9900,0x0000000706a00000)
 Metaspace       used 29828K, capacity 31402K, committed 31616K, reserved 1077248K
  class space    used 4056K, capacity 4385K, committed 4480K, reserved 1048576K
Event: 5.292 GC heap after
Heap after GC invocations=6 (full 1):
 PSYoungGen      total 204800K, used 8191K [0x0000000780800000, 0x0000000793200000, 0x00000007c0000000)
  eden space 196608K, 0% used [0x0000000780800000,0x0000000780800000,0x000000078c800000)
  from space 8192K, 99% used [0x000000078c800000,0x000000078cfffda8,0x000000078d000000)
  to   space 16384K, 0% used [0x0000000792200000,0x0000000792200000,0x0000000793200000)
 ParOldGen       total 83968K, used 18840K [0x0000000701800000, 0x0000000706a00000, 0x0000000780800000)
  object space 83968K, 22% used [0x0000000701800000,0x0000000702a66170,0x0000000706a00000)
 Metaspace       used 29828K, capacity 31402K, committed 31616K, reserved 1077248K
  class space    used 4056K, capacity 4385K, committed 4480K, reserved 1048576K
}
Event: 6.191 GC heap before
{Heap before GC invocations=7 (full 1):
 PSYoungGen      total 204800K, used 158075K [0x0000000780800000, 0x0000000793200000, 0x00000007c0000000)
  eden space 196608K, 76% used [0x0000000780800000,0x0000000789a5f018,0x000000078c800000)
  from space 8192K, 99% used [0x000000078c800000,0x000000078cfffda8,0x000000078d000000)
  to   space 16384K, 0% used [0x0000000792200000,0x0000000792200000,0x0000000793200000)
 ParOldGen       total 83968K, used 18840K [0x0000000701800000, 0x0000000706a00000, 0x0000000780800000)
  object space 83968K, 22% used [0x0000000701800000,0x0000000702a66170,0x0000000706a00000)
 Metaspace       used 33826K, capacity 35406K, committed 35496K, reserved 1079296K
  class space    used 4493K, capacity 4831K, committed 4864K, reserved 1048576K
Event: 6.210 GC heap after
Heap after GC invocations=7 (full 1):
 PSYoungGen      total 287232K, used 14306K [0x0000000780800000, 0x0000000795b80000, 0x00000007c0000000)
  eden space 270848K, 0% used [0x0000000780800000,0x0000000780800000,0x0000000791080000)
  from space 16384K, 87% used [0x0000000792200000,0x0000000792ff8bd8,0x0000000793200000)
  to   space 17920K, 0% used [0x0000000791080000,0x0000000791080000,0x0000000792200000)
 ParOldGen       total 83968K, used 18848K [0x0000000701800000, 0x0000000706a00000, 0x0000000780800000)
  object space 83968K, 22% used [0x0000000701800000,0x0000000702a68170,0x0000000706a00000)
 Metaspace       used 33826K, capacity 35406K, committed 35496K, reserved 1079296K
  class space    used 4493K, capacity 4831K, committed 4864K, reserved 1048576K
}
Event: 6.210 GC heap before
{Heap before GC invocations=8 (full 2):
 PSYoungGen      total 287232K, used 14306K [0x0000000780800000, 0x0000000795b80000, 0x00000007c0000000)
  eden space 270848K, 0% used [0x0000000780800000,0x0000000780800000,0x0000000791080000)
  from space 16384K, 87% used [0x0000000792200000,0x0000000792ff8bd8,0x0000000793200000)
  to   space 17920K, 0% used [0x0000000791080000,0x0000000791080000,0x0000000792200000)
 ParOldGen       total 83968K, used 18848K [0x0000000701800000, 0x0000000706a00000, 0x0000000780800000)
  object space 83968K, 22% used [0x0000000701800000,0x0000000702a68170,0x0000000706a00000)
 Metaspace       used 33826K, capacity 35406K, committed 35496K, reserved 1079296K
  class space    used 4493K, capacity 4831K, committed 4864K, reserved 1048576K
Event: 6.329 GC heap after
Heap after GC invocations=8 (full 2):
 PSYoungGen      total 287232K, used 0K [0x0000000780800000, 0x0000000795b80000, 0x00000007c0000000)
  eden space 270848K, 0% used [0x0000000780800000,0x0000000780800000,0x0000000791080000)
  from space 16384K, 0% used [0x0000000792200000,0x0000000792200000,0x0000000793200000)
  to   space 17920K, 0% used [0x0000000791080000,0x0000000791080000,0x0000000792200000)
 ParOldGen       total 125440K, used 21887K [0x0000000701800000, 0x0000000709280000, 0x0000000780800000)
  object space 125440K, 17% used [0x0000000701800000,0x0000000702d5fd60,0x0000000709280000)
 Metaspace       used 33826K, capacity 35406K, committed 35496K, reserved 1079296K
  class space    used 4493K, capacity 4831K, committed 4864K, reserved 1048576K
}

